<?xml version="1.0" encoding="UTF-8"?>
<testng-results ignored="0" total="1" passed="0" failed="0" skipped="1">
  <reporter-output>
  </reporter-output>
  <suite started-at="2020-09-01T14:50:20 IST" name="Default suite" finished-at="2020-09-01T14:50:24 IST" duration-ms="4768">
    <groups>
    </groups>
    <test started-at="2020-09-01T14:50:20 IST" name="Default test" finished-at="2020-09-01T14:50:24 IST" duration-ms="4768">
      <class name="rough.Test1">
        <test-method is-config="true" signature="setUp()[pri:0, instance:rough.Test1@5fa07e12]" started-at="2020-09-01T14:50:20 IST" name="setUp" finished-at="2020-09-01T14:50:24 IST" duration-ms="4590" status="FAIL">
          <exception class="io.testproject.sdk.internal.exceptions.InvalidTokenException">
            <message>
              <![CDATA[No token has been provided.]]>
            </message>
            <full-stacktrace>
              <![CDATA[io.testproject.sdk.internal.exceptions.InvalidTokenException: No token has been provided.
at io.testproject.sdk.internal.rest.AgentClient.<init>(AgentClient.java:215)
at io.testproject.sdk.internal.rest.AgentClient.getClient(AgentClient.java:401)
at io.testproject.sdk.drivers.android.AndroidDriver.<init>(AndroidDriver.java:361)
at io.testproject.sdk.drivers.android.AndroidDriver.<init>(AndroidDriver.java:288)
at utilities.CommonUtils.getDriver(CommonUtils.java:59)
at base.TestBase.setUp(TestBase.java:27)
at java.base/jdk.internal.reflect.NativeMethodAccessorImpl.invoke0(Native Method)
at java.base/jdk.internal.reflect.NativeMethodAccessorImpl.invoke(NativeMethodAccessorImpl.java:62)
at java.base/jdk.internal.reflect.DelegatingMethodAccessorImpl.invoke(DelegatingMethodAccessorImpl.java:43)
at java.base/java.lang.reflect.Method.invoke(Method.java:566)
at org.testng.internal.MethodInvocationHelper.invokeMethod(MethodInvocationHelper.java:134)
at org.testng.internal.MethodInvocationHelper.invokeMethodConsideringTimeout(MethodInvocationHelper.java:63)
at org.testng.internal.ConfigInvoker.invokeConfigurationMethod(ConfigInvoker.java:348)
at org.testng.internal.ConfigInvoker.invokeConfigurations(ConfigInvoker.java:302)
at org.testng.TestRunner.invokeTestConfigurations(TestRunner.java:619)
at org.testng.TestRunner.beforeRun(TestRunner.java:609)
at org.testng.TestRunner.run(TestRunner.java:580)
at org.testng.SuiteRunner.runTest(SuiteRunner.java:384)
at org.testng.SuiteRunner.runSequentially(SuiteRunner.java:378)
at org.testng.SuiteRunner.privateRun(SuiteRunner.java:337)
at org.testng.SuiteRunner.run(SuiteRunner.java:286)
at org.testng.SuiteRunnerWorker.runSuite(SuiteRunnerWorker.java:53)
at org.testng.SuiteRunnerWorker.run(SuiteRunnerWorker.java:96)
at org.testng.TestNG.runSuitesSequentially(TestNG.java:1187)
at org.testng.TestNG.runSuitesLocally(TestNG.java:1109)
at org.testng.TestNG.runSuites(TestNG.java:1039)
at org.testng.TestNG.run(TestNG.java:1007)
at org.testng.remote.AbstractRemoteTestNG.run(AbstractRemoteTestNG.java:115)
at org.testng.remote.RemoteTestNG.initAndRun(RemoteTestNG.java:251)
at org.testng.remote.RemoteTestNG.main(RemoteTestNG.java:77)
]]>
            </full-stacktrace>
          </exception> <!-- io.testproject.sdk.internal.exceptions.InvalidTokenException -->
          <reporter-output>
          </reporter-output>
        </test-method> <!-- setUp -->
        <test-method signature="test1()[pri:0, instance:rough.Test1@5fa07e12]" started-at="2020-09-01T14:50:24 IST" name="test1" finished-at="2020-09-01T14:50:24 IST" duration-ms="0" status="SKIP">
          <exception class="io.testproject.sdk.internal.exceptions.InvalidTokenException">
            <message>
              <![CDATA[No token has been provided.]]>
            </message>
            <full-stacktrace>
              <![CDATA[io.testproject.sdk.internal.exceptions.InvalidTokenException: No token has been provided.
at io.testproject.sdk.internal.rest.AgentClient.<init>(AgentClient.java:215)
at io.testproject.sdk.internal.rest.AgentClient.getClient(AgentClient.java:401)
at io.testproject.sdk.drivers.android.AndroidDriver.<init>(AndroidDriver.java:361)
at io.testproject.sdk.drivers.android.AndroidDriver.<init>(AndroidDriver.java:288)
at utilities.CommonUtils.getDriver(CommonUtils.java:59)
at base.TestBase.setUp(TestBase.java:27)
at java.base/jdk.internal.reflect.NativeMethodAccessorImpl.invoke0(Native Method)
at java.base/jdk.internal.reflect.NativeMethodAccessorImpl.invoke(NativeMethodAccessorImpl.java:62)
at java.base/jdk.internal.reflect.DelegatingMethodAccessorImpl.invoke(DelegatingMethodAccessorImpl.java:43)
at java.base/java.lang.reflect.Method.invoke(Method.java:566)
at org.testng.internal.MethodInvocationHelper.invokeMethod(MethodInvocationHelper.java:134)
at org.testng.internal.MethodInvocationHelper.invokeMethodConsideringTimeout(MethodInvocationHelper.java:63)
at org.testng.internal.ConfigInvoker.invokeConfigurationMethod(ConfigInvoker.java:348)
at org.testng.internal.ConfigInvoker.invokeConfigurations(ConfigInvoker.java:302)
at org.testng.TestRunner.invokeTestConfigurations(TestRunner.java:619)
at org.testng.TestRunner.beforeRun(TestRunner.java:609)
at org.testng.TestRunner.run(TestRunner.java:580)
at org.testng.SuiteRunner.runTest(SuiteRunner.java:384)
at org.testng.SuiteRunner.runSequentially(SuiteRunner.java:378)
at org.testng.SuiteRunner.privateRun(SuiteRunner.java:337)
at org.testng.SuiteRunner.run(SuiteRunner.java:286)
at org.testng.SuiteRunnerWorker.runSuite(SuiteRunnerWorker.java:53)
at org.testng.SuiteRunnerWorker.run(SuiteRunnerWorker.java:96)
at org.testng.TestNG.runSuitesSequentially(TestNG.java:1187)
at org.testng.TestNG.runSuitesLocally(TestNG.java:1109)
at org.testng.TestNG.runSuites(TestNG.java:1039)
at org.testng.TestNG.run(TestNG.java:1007)
at org.testng.remote.AbstractRemoteTestNG.run(AbstractRemoteTestNG.java:115)
at org.testng.remote.RemoteTestNG.initAndRun(RemoteTestNG.java:251)
at org.testng.remote.RemoteTestNG.main(RemoteTestNG.java:77)
]]>
            </full-stacktrace>
          </exception> <!-- io.testproject.sdk.internal.exceptions.InvalidTokenException -->
          <reporter-output>
          </reporter-output>
        </test-method> <!-- test1 -->
        <test-method is-config="true" signature="tearDown()[pri:0, instance:rough.Test1@5fa07e12]" started-at="2020-09-01T14:50:24 IST" name="tearDown" finished-at="1970-01-01T05:30:00 IST" duration-ms="-1598952024817" status="SKIP">
          <reporter-output>
          </reporter-output>
        </test-method> <!-- tearDown -->
      </class> <!-- rough.Test1 -->
    </test> <!-- Default test -->
  </suite> <!-- Default suite -->
</testng-results>
